<?xml version="1.0" encoding="UTF-8"?>
<!-- Generated by org.testng.reporters.JUnitXMLReporter -->
<testsuite hostname="U2IWIN10PLP" name="Registration in Firefox" tests="9" failures="1" timestamp="20 Jun 2019 10:58:08 GMT" time="114.271" errors="0">
  <testcase name="atestOne" time="0.0" classname="com.test.TestNGBasics">
    <failure type="java.lang.AssertionError">
      <![CDATA[java.lang.AssertionError
	at com.test.TestNGBasics.atestOne(TestNGBasics.java:70)
	at sun.reflect.NativeMethodAccessorImpl.invoke0(Native Method)
	at sun.reflect.NativeMethodAccessorImpl.invoke(NativeMethodAccessorImpl.java:62)
	at sun.reflect.DelegatingMethodAccessorImpl.invoke(DelegatingMethodAccessorImpl.java:43)
	at java.lang.reflect.Method.invoke(Method.java:498)
	at org.testng.internal.MethodInvocationHelper.invokeMethod(MethodInvocationHelper.java:86)
	at org.testng.internal.Invoker.invokeMethod(Invoker.java:643)
	at org.testng.internal.Invoker.invokeTestMethod(Invoker.java:820)
	at org.testng.internal.Invoker.invokeTestMethods(Invoker.java:1128)
	at org.testng.internal.TestMethodWorker.invokeTestMethods(TestMethodWorker.java:129)
	at org.testng.internal.TestMethodWorker.run(TestMethodWorker.java:112)
	at java.util.concurrent.ThreadPoolExecutor.runWorker(ThreadPoolExecutor.java:1142)
	at java.util.concurrent.ThreadPoolExecutor$Worker.run(ThreadPoolExecutor.java:617)
	at java.lang.Thread.run(Thread.java:745)
]]>
    </failure>
  </testcase> <!-- atestOne -->
  <testcase name="btestOne" time="0.001" classname="com.test.TestNGBasics"/>
  <testcase name="ctestOne" time="0.0" classname="com.test.TestNGBasics"/>
  <testcase name="dtestOne" time="4.0" classname="com.test.TestNGBasics"/>
  <testcase name="etestOne" time="4.0" classname="com.test.TestNGBasics"/>
  <testcase name="ftestOne" time="4.001" classname="com.test.TestNGBasics"/>
  <testcase name="testRegistrationNONDataDriven" time="44.005" classname="com.test.OneTest"/>
  <testcase name="testRegistrationNew" time="22.835" classname="com.test.OneTest"/>
  <testcase name="testRegistrationNew" time="38.56" classname="com.test.OneTest"/>
</testsuite> <!-- Registration in Firefox -->
